<?xml version="1.0" encoding="UTF-8"?>
<!-- Generated by org.testng.reporters.JUnitXMLReporter -->
<testsuite hostname="DESKTOP-DRSERU0" ignored="0" name="Command line test" tests="10" failures="3" timestamp="2021-01-06T09:05:56 MSK" time="150.866" errors="0">
  <testcase name="AddingALotProductToCart" time="18.345" classname="test.CartTest"/>
  <testcase name="AddingOneProductToCart" time="10.313" classname="test.CartTest">
    <failure type="java.lang.AssertionError" message="
Expected: &amp;lt;Item(name=COURT SLAM DYNAMIC2201SFA, size=36, color=Ð±ÐµÐ»ÑÐ¹, cost=5 490 Ð Ð£Ð.)&amp;gt;
     but: was &amp;lt;Item(name=COURT SLAM DYNAMIC2201SFA, size=размер: 36, color=цвет: белый, cost=5 490 руб.)&amp;gt;">
      <![CDATA[java.lang.AssertionError: 
Expected: <Item(name=COURT SLAM DYNAMIC2201SFA, size=36, color=Ð±ÐµÐ»ÑÐ¹, cost=5 490 Ð Ð£Ð.)>
     but: was <Item(name=COURT SLAM DYNAMIC2201SFA, size=размер: 36, color=цвет: белый, cost=5 490 руб.)>
at org.hamcrest.MatcherAssert.assertThat(MatcherAssert.java:20)
at org.hamcrest.MatcherAssert.assertThat(MatcherAssert.java:8)
at test.CartTest.AddingOneProductToCart(CartTest.java:29)
... Removed 35 stack frames]]>
    </failure>
  </testcase> <!-- AddingOneProductToCart -->
  <testcase name="ConsoteManager" time="6.707" classname="test.CartTest">
    <failure type="org.openqa.selenium.NoSuchElementException" message="no such element: Unable to locate element: {&amp;quot;method&amp;quot;:&amp;quot;xpath&amp;quot;,&amp;quot;selector&amp;quot;:&amp;quot;//*[@id=&amp;quot;retailcrm-consultant-app&amp;quot;]/div[1]/div/div/div&amp;quot;}
  (Session info: chrome=87.0.4280.88)
For documentation on this error, please visit: https://www.seleniumhq.org/exceptions/no_such_element.html
Build info: version: &amp;apos;3.141.59&amp;apos;, revision: &amp;apos;e82be7d358&amp;apos;, time: &amp;apos;2018-11-14T08:17:03&amp;apos;
System info: host: &amp;apos;DESKTOP-DRSERU0&amp;apos;, ip: &amp;apos;192.168.100.2&amp;apos;, os.name: &amp;apos;Windows 10&amp;apos;, os.arch: &amp;apos;amd64&amp;apos;, os.version: &amp;apos;10.0&amp;apos;, java.version: &amp;apos;1.8.0_271&amp;apos;
Driver info: org.openqa.selenium.chrome.ChromeDriver
Capabilities {acceptInsecureCerts: false, browserName: chrome, browserVersion: 87.0.4280.88, chrome: {chromedriverVersion: 87.0.4280.88 (89e2380a3e36c..., userDataDir: C:\Users\7FE9~1\AppData\Loc...}, goog:chromeOptions: {debuggerAddress: localhost:49606}, javascriptEnabled: true, networkConnectionEnabled: false, pageLoadStrategy: normal, platform: WINDOWS, platformName: WINDOWS, proxy: Proxy(), setWindowRect: true, strictFileInteractability: false, timeouts: {implicit: 0, pageLoad: 300000, script: 30000}, unhandledPromptBehavior: dismiss and notify, webauthn:virtualAuthenticators: true}
Session ID: 2c69da1bd40a64c304434fb51045f113
*** Element info: {Using=xpath, value=//*[@id=&amp;quot;retailcrm-consultant-app&amp;quot;]/div[1]/div/div/div}">
      <![CDATA[org.openqa.selenium.NoSuchElementException: no such element: Unable to locate element: {"method":"xpath","selector":"//*[@id="retailcrm-consultant-app"]/div[1]/div/div/div"}
  (Session info: chrome=87.0.4280.88)
For documentation on this error, please visit: https://www.seleniumhq.org/exceptions/no_such_element.html
Build info: version: '3.141.59', revision: 'e82be7d358', time: '2018-11-14T08:17:03'
System info: host: 'DESKTOP-DRSERU0', ip: '192.168.100.2', os.name: 'Windows 10', os.arch: 'amd64', os.version: '10.0', java.version: '1.8.0_271'
Driver info: org.openqa.selenium.chrome.ChromeDriver
Capabilities {acceptInsecureCerts: false, browserName: chrome, browserVersion: 87.0.4280.88, chrome: {chromedriverVersion: 87.0.4280.88 (89e2380a3e36c..., userDataDir: C:\Users\7FE9~1\AppData\Loc...}, goog:chromeOptions: {debuggerAddress: localhost:49606}, javascriptEnabled: true, networkConnectionEnabled: false, pageLoadStrategy: normal, platform: WINDOWS, platformName: WINDOWS, proxy: Proxy(), setWindowRect: true, strictFileInteractability: false, timeouts: {implicit: 0, pageLoad: 300000, script: 30000}, unhandledPromptBehavior: dismiss and notify, webauthn:virtualAuthenticators: true}
Session ID: 2c69da1bd40a64c304434fb51045f113
*** Element info: {Using=xpath, value=//*[@id="retailcrm-consultant-app"]/div[1]/div/div/div}
at org.openqa.selenium.remote.http.W3CHttpResponseCodec.createException(W3CHttpResponseCodec.java:187)
at org.openqa.selenium.remote.http.W3CHttpResponseCodec.decode(W3CHttpResponseCodec.java:122)
at org.openqa.selenium.remote.http.W3CHttpResponseCodec.decode(W3CHttpResponseCodec.java:49)
at org.openqa.selenium.remote.HttpCommandExecutor.execute(HttpCommandExecutor.java:158)
at org.openqa.selenium.remote.service.DriverCommandExecutor.execute(DriverCommandExecutor.java:83)
at org.openqa.selenium.remote.RemoteWebDriver.execute(RemoteWebDriver.java:552)
at org.openqa.selenium.remote.RemoteWebDriver.findElement(RemoteWebDriver.java:323)
at org.openqa.selenium.remote.RemoteWebDriver.findElementByXPath(RemoteWebDriver.java:428)
at org.openqa.selenium.By$ByXPath.findElement(By.java:353)
at org.openqa.selenium.remote.RemoteWebDriver.findElement(RemoteWebDriver.java:315)
at org.openqa.selenium.support.pagefactory.DefaultElementLocator.findElement(DefaultElementLocator.java:69)
at org.openqa.selenium.support.pagefactory.internal.LocatingElementHandler.invoke(LocatingElementHandler.java:38)
at com.sun.proxy.$Proxy9.click(Unknown Source)
at page.LacosteHomePage.writeMessageInConsole(LacosteHomePage.java:60)
at test.CartTest.ConsoteManager(CartTest.java:146)
... Removed 39 stack frames]]>
    </failure>
  </testcase> <!-- ConsoteManager -->
  <testcase name="DeletingProductFromBag" time="11.529" classname="test.CartTest"/>
  <testcase name="PlacingAnOrderForGoodsWithIncorrectData" time="14.789" classname="test.CartTest"/>
  <testcase name="ProductFilteringBySelectedCategories" time="11.649" classname="test.CartTest">
    <failure type="org.openqa.selenium.ElementClickInterceptedException" message="element click intercepted: Element &amp;lt;a href=&amp;quot;/catalog/paris_polo_muzhchiny/paris_polo_regular_fit_color_AE0/&amp;quot; class=&amp;quot;product-main&amp;quot;&amp;gt;...&amp;lt;/a&amp;gt; is not clickable at point (693, 562). Other element would receive the click: &amp;lt;img src=&amp;quot;https://cdn.retailrocket.net/api/1.0/partner/5b44733997a525089c03a156/item/254569/picture/?format=png&amp;amp;amp;width=500&amp;amp;amp;height=500&amp;amp;amp;scale=both&amp;quot; alt=&amp;quot;&amp;quot; onerror=&amp;quot;retailrocket.widget.hideProduct(this)&amp;quot;&amp;gt;
  (Session info: chrome=87.0.4280.88)
Build info: version: &amp;apos;3.141.59&amp;apos;, revision: &amp;apos;e82be7d358&amp;apos;, time: &amp;apos;2018-11-14T08:17:03&amp;apos;
System info: host: &amp;apos;DESKTOP-DRSERU0&amp;apos;, ip: &amp;apos;192.168.100.2&amp;apos;, os.name: &amp;apos;Windows 10&amp;apos;, os.arch: &amp;apos;amd64&amp;apos;, os.version: &amp;apos;10.0&amp;apos;, java.version: &amp;apos;1.8.0_271&amp;apos;
Driver info: org.openqa.selenium.chrome.ChromeDriver
Capabilities {acceptInsecureCerts: false, browserName: chrome, browserVersion: 87.0.4280.88, chrome: {chromedriverVersion: 87.0.4280.88 (89e2380a3e36c..., userDataDir: C:\Users\7FE9~1\AppData\Loc...}, goog:chromeOptions: {debuggerAddress: localhost:49606}, javascriptEnabled: true, networkConnectionEnabled: false, pageLoadStrategy: normal, platform: WINDOWS, platformName: WINDOWS, proxy: Proxy(), setWindowRect: true, strictFileInteractability: false, timeouts: {implicit: 0, pageLoad: 300000, script: 30000}, unhandledPromptBehavior: dismiss and notify, webauthn:virtualAuthenticators: true}
Session ID: 2c69da1bd40a64c304434fb51045f113">
      <![CDATA[org.openqa.selenium.ElementClickInterceptedException: element click intercepted: Element <a href="/catalog/paris_polo_muzhchiny/paris_polo_regular_fit_color_AE0/" class="product-main">...</a> is not clickable at point (693, 562). Other element would receive the click: <img src="https://cdn.retailrocket.net/api/1.0/partner/5b44733997a525089c03a156/item/254569/picture/?format=png&amp;width=500&amp;height=500&amp;scale=both" alt="" onerror="retailrocket.widget.hideProduct(this)">
  (Session info: chrome=87.0.4280.88)
Build info: version: '3.141.59', revision: 'e82be7d358', time: '2018-11-14T08:17:03'
System info: host: 'DESKTOP-DRSERU0', ip: '192.168.100.2', os.name: 'Windows 10', os.arch: 'amd64', os.version: '10.0', java.version: '1.8.0_271'
Driver info: org.openqa.selenium.chrome.ChromeDriver
Capabilities {acceptInsecureCerts: false, browserName: chrome, browserVersion: 87.0.4280.88, chrome: {chromedriverVersion: 87.0.4280.88 (89e2380a3e36c..., userDataDir: C:\Users\7FE9~1\AppData\Loc...}, goog:chromeOptions: {debuggerAddress: localhost:49606}, javascriptEnabled: true, networkConnectionEnabled: false, pageLoadStrategy: normal, platform: WINDOWS, platformName: WINDOWS, proxy: Proxy(), setWindowRect: true, strictFileInteractability: false, timeouts: {implicit: 0, pageLoad: 300000, script: 30000}, unhandledPromptBehavior: dismiss and notify, webauthn:virtualAuthenticators: true}
Session ID: 2c69da1bd40a64c304434fb51045f113
at org.openqa.selenium.remote.http.W3CHttpResponseCodec.createException(W3CHttpResponseCodec.java:187)
at org.openqa.selenium.remote.http.W3CHttpResponseCodec.decode(W3CHttpResponseCodec.java:122)
at org.openqa.selenium.remote.http.W3CHttpResponseCodec.decode(W3CHttpResponseCodec.java:49)
at org.openqa.selenium.remote.HttpCommandExecutor.execute(HttpCommandExecutor.java:158)
at org.openqa.selenium.remote.service.DriverCommandExecutor.execute(DriverCommandExecutor.java:83)
at org.openqa.selenium.remote.RemoteWebDriver.execute(RemoteWebDriver.java:552)
at org.openqa.selenium.remote.RemoteWebElement.execute(RemoteWebElement.java:285)
at org.openqa.selenium.remote.RemoteWebElement.click(RemoteWebElement.java:84)
at org.openqa.selenium.support.pagefactory.internal.LocatingElementHandler.invoke(LocatingElementHandler.java:51)
at com.sun.proxy.$Proxy9.click(Unknown Source)
at page.LacosteMenProductsPage.goToFirstProductOnPage(LacosteMenProductsPage.java:41)
at test.CartTest.ProductFilteringBySelectedCategories(CartTest.java:130)
... Removed 42 stack frames]]>
    </failure>
  </testcase> <!-- ProductFilteringBySelectedCategories -->
  <testcase name="WriteIncorrectCityInDeliveryAdress" time="11.978" classname="test.CartTest"/>
  <testcase name="WriteIncorrectPromocode" time="12.422" classname="test.CartTest"/>
  <testcase name="EditCityInAccount" time="15.415" classname="test.UserTest"/>
  <testcase name="LoginUser" time="7.489" classname="test.UserTest"/>
</testsuite> <!-- Command line test -->
